2019-12-19 18:04:44.761 [http-nio-9999-exec-7] DEBUG com.lwp.blog.controller.UserController - 添加用户成功
2019-12-19 18:04:46.167 [http-nio-9999-exec-7] DEBUG com.lwp.blog.controller.UserController - 跳转到....
2019-12-19 18:08:02.909 [http-nio-9999-exec-1] DEBUG com.lwp.blog.controller.UserController - 添加用户成功
2019-12-19 18:08:04.531 [http-nio-9999-exec-1] DEBUG com.lwp.blog.controller.UserController - 跳转到....
2019-12-19 18:12:46.853 [http-nio-9999-exec-1] DEBUG com.lwp.blog.controller.UserController - 添加用户成功
2019-12-19 18:12:48.238 [http-nio-9999-exec-1] DEBUG com.lwp.blog.controller.UserController - 跳转到....
2019-12-19 18:31:54.450 [http-nio-9999-exec-2] DEBUG com.lwp.blog.controller.UserController - 添加用户成功
2019-12-19 18:31:56.054 [http-nio-9999-exec-2] DEBUG com.lwp.blog.controller.UserController - 跳转到....
2019-12-19 18:47:12.278 [http-nio-9999-exec-1] INFO  com.lwp.blog.controller.UserController - 添加用户成功
2019-12-19 18:47:13.860 [http-nio-9999-exec-1] INFO  com.lwp.blog.controller.UserController - 跳转到....
2019-12-19 18:49:09.363 [http-nio-9999-exec-2] INFO  com.lwp.blog.controller.UserController - 添加用户成功
2019-12-19 18:49:11.316 [http-nio-9999-exec-2] INFO  com.lwp.blog.controller.UserController - 跳转到....
2019-12-20 17:42:54.887 [http-nio-9999-exec-1] INFO  com.lwp.blog.controller.UserController - 添加用户成功
2019-12-20 17:42:56.199 [http-nio-9999-exec-1] INFO  com.lwp.blog.controller.UserController - 跳转到....
2019-12-20 18:02:23.092 [http-nio-9999-exec-1] INFO  com.lwp.blog.controller.UserController - 添加用户成功
2019-12-20 18:02:24.873 [http-nio-9999-exec-1] INFO  com.lwp.blog.controller.UserController - 跳转到....
2019-12-20 18:02:25.018 [http-nio-9999-exec-1] INFO  com.lwp.blog.service.UserService - 1
2019-12-20 18:05:35.576 [http-nio-9999-exec-3] INFO  com.lwp.blog.controller.UserController - 添加用户成功
2019-12-20 18:05:35.795 [http-nio-9999-exec-3] INFO  com.lwp.blog.controller.UserController - 跳转到....
2019-12-20 18:05:35.886 [http-nio-9999-exec-3] INFO  com.lwp.blog.service.UserService - 1
2020-01-14 15:37:13.860 [http-nio-9999-exec-1] INFO  com.lwp.blog.controller.UserController - 添加用户成功
2020-01-14 15:37:14.663 [http-nio-9999-exec-1] INFO  com.lwp.blog.controller.UserController - 跳转到....
2020-01-14 15:40:27.122 [http-nio-9999-exec-2] INFO  com.lwp.blog.controller.UserController - 添加用户成功
2020-01-14 15:40:27.172 [http-nio-9999-exec-2] INFO  com.lwp.blog.controller.UserController - 跳转到....
2020-01-14 15:44:49.442 [http-nio-9999-exec-5] INFO  com.lwp.blog.controller.UserController - 添加用户成功
2020-01-14 15:44:49.480 [http-nio-9999-exec-5] INFO  com.lwp.blog.controller.UserController - 跳转到....
2020-01-14 15:46:35.645 [http-nio-9999-exec-1] INFO  com.lwp.blog.controller.UserController - 添加用户成功
2020-01-14 15:46:36.810 [http-nio-9999-exec-1] INFO  com.lwp.blog.controller.UserController - 跳转到....
2020-01-14 15:46:54.364 [http-nio-9999-exec-3] INFO  com.lwp.blog.controller.UserController - 添加用户成功
2020-01-14 15:46:54.427 [http-nio-9999-exec-3] INFO  com.lwp.blog.controller.UserController - 跳转到....
2020-01-14 15:50:46.088 [http-nio-9999-exec-2] INFO  com.lwp.blog.controller.UserController - 添加用户成功
2020-01-14 15:50:47.642 [http-nio-9999-exec-2] INFO  com.lwp.blog.controller.UserController - 跳转到....
2020-01-14 15:51:51.238 [http-nio-9999-exec-5] INFO  com.lwp.blog.controller.UserController - 添加用户成功
2020-01-14 15:51:51.281 [http-nio-9999-exec-5] INFO  com.lwp.blog.controller.UserController - 跳转到....
2020-01-14 15:52:13.103 [http-nio-9999-exec-6] INFO  com.lwp.blog.controller.UserController - 添加用户成功
2020-01-14 15:52:13.140 [http-nio-9999-exec-6] INFO  com.lwp.blog.controller.UserController - 跳转到....
2020-01-15 14:07:02.900 [http-nio-9999-exec-1] INFO  com.lwp.blog.controller.UserController - 添加用户成功
2020-01-15 14:07:03.954 [http-nio-9999-exec-1] INFO  com.lwp.blog.controller.UserController - 跳转到....
